Worked/Ekiosk_Android_Gradle/Code/androidEkiosk/build/outputs/logs/manifest-merger-debug-report.txt
-- Merging decision tree log ---
manifest
ADDED from src/main/AndroidManifest.xml:2:1-145:12
	package
		ADDED from src/main/AndroidManifest.xml:3:5-31
		INJECTED from src/main/AndroidManifest.xml
		INJECTED from src/main/AndroidManifest.xml
	android:versionName
		ADDED from src/main/AndroidManifest.xml:5:5-31
		INJECTED from src/main/AndroidManifest.xml
		INJECTED from src/main/AndroidManifest.xml
	android:versionCode
		ADDED from src/main/AndroidManifest.xml:4:5-29
		INJECTED from src/main/AndroidManifest.xml
		INJECTED from src/main/AndroidManifest.xml
	xmlns:android
		ADDED from src/main/AndroidManifest.xml:2:11-69
uses-sdk
ADDED from src/main/AndroidManifest.xml:7:5-9:41
MERGED from [Code:androidBitmapCache:unspecified] AndroidManifest.xml:7:5-9:40
MERGED from [com.android.support:support-v4:22.2.1] AndroidManifest.xml:20:5-43
MERGED from [Code:progressfragment:unspecified] AndroidManifest.xml:7:5-9:41
MERGED from [com.android.support:support-v4:22.2.1] AndroidManifest.xml:20:5-43
MERGED from [com.android.support:support-v4:22.2.1] AndroidManifest.xml:20:5-43
MERGED from [com.actionbarsherlock:actionbarsherlock:4.4.0] AndroidManifest.xml:3:3-70
MERGED from [Code:mupdf:unspecified] AndroidManifest.xml:7:5-9:40
MERGED from [com.android.support:support-v4:22.2.1] AndroidManifest.xml:20:5-43
MERGED from [fr.avianey.com.viewpagerindicator:library:2.4.1] AndroidManifest.xml:8:5-43
	android:targetSdkVersion
		ADDED from src/main/AndroidManifest.xml:9:9-38
		INJECTED from src/main/AndroidManifest.xml
		INJECTED from src/main/AndroidManifest.xml
	android:minSdkVersion
		ADDED from src/main/AndroidManifest.xml:8:9-35
		INJECTED from src/main/AndroidManifest.xml
		INJECTED from src/main/AndroidManifest.xml
uses-permission#android.permission.INTERNET
ADDED from src/main/AndroidManifest.xml:11:5-67
	android:name
		ADDED from src/main/AndroidManifest.xml:11:22-64
uses-permission#android.permission.WRITE_EXTERNAL_STORAGE
ADDED from src/main/AndroidManifest.xml:12:5-81
	android:name
		ADDED from src/main/AndroidManifest.xml:12:22-78
uses-permission#com.android.vending.BILLING
ADDED from src/main/AndroidManifest.xml:13:5-67
	android:name
		ADDED from src/main/AndroidManifest.xml:13:22-64
uses-permission#com.android.vending.CHECK_LICENSE
ADDED from src/main/AndroidManifest.xml:14:5-73
	android:name
		ADDED from src/main/AndroidManifest.xml:14:22-70
application
ADDED from src/main/AndroidManifest.xml:16:5-143:19
MERGED from [Code:androidBitmapCache:unspecified] AndroidManifest.xml:11:5-12:19
MERGED from [com.android.support:support-v4:22.2.1] AndroidManifest.xml:22:5-20
MERGED from [Code:progressfragment:unspecified] AndroidManifest.xml:11:5-20
MERGED from [com.android.support:support-v4:22.2.1] AndroidManifest.xml:22:5-20
MERGED from [com.android.support:support-v4:22.2.1] AndroidManifest.xml:22:5-20
MERGED from [com.actionbarsherlock:actionbarsherlock:4.4.0] AndroidManifest.xml:4:3-17
MERGED from [Code:mupdf:unspecified] AndroidManifest.xml:11:5-12:19
MERGED from [com.android.support:support-v4:22.2.1] AndroidManifest.xml:22:5-20
	android:label
		ADDED from src/main/AndroidManifest.xml:21:9-41
	android:hardwareAccelerated
		ADDED from src/main/AndroidManifest.xml:19:9-43
	android:allowBackup
		ADDED from src/main/AndroidManifest.xml:18:9-35
	android:icon
		ADDED from src/main/AndroidManifest.xml:20:9-46
	android:largeHeap
		ADDED from src/main/AndroidManifest.xml:22:9-33
	android:theme
		ADDED from src/main/AndroidManifest.xml:23:9-44
	android:name
		ADDED from src/main/AndroidManifest.xml:17:9-41
activity#com.ngser.ekiosk.kiosque.AppSlideShowViewPagerActivity
ADDED from src/main/AndroidManifest.xml:24:9-32:20
	android:label
		ADDED from src/main/AndroidManifest.xml:26:13-45
	android:name
		ADDED from src/main/AndroidManifest.xml:25:13-66
intent-filter#android.intent.action.MAIN+android.intent.category.LAUNCHER
ADDED from src/main/AndroidManifest.xml:27:13-31:29
action#android.intent.action.MAIN
ADDED from src/main/AndroidManifest.xml:28:17-69
	android:name
		ADDED from src/main/AndroidManifest.xml:28:25-66
category#android.intent.category.LAUNCHER
ADDED from src/main/AndroidManifest.xml:30:17-77
	android:name
		ADDED from src/main/AndroidManifest.xml:30:27-74
activity#com.ngser.ekiosk.MainActivity
ADDED from src/main/AndroidManifest.xml:33:9-35:48
	android:label
		ADDED from src/main/AndroidManifest.xml:35:13-45
	android:name
		ADDED from src/main/AndroidManifest.xml:34:13-41
activity#com.ngser.ekiosk.BibliothequeEditionDetail
ADDED from src/main/AndroidManifest.xml:36:9-44:20
	android:label
		ADDED from src/main/AndroidManifest.xml:38:13-45
	android:parentActivityName
		ADDED from src/main/AndroidManifest.xml:39:13-71
	android:name
		ADDED from src/main/AndroidManifest.xml:37:13-70
meta-data#android.support.PARENT_ACTIVITY
ADDED from src/main/AndroidManifest.xml:41:13-43:65
	android:value
		ADDED from src/main/AndroidManifest.xml:43:17-62
	android:name
		ADDED from src/main/AndroidManifest.xml:42:17-63
activity#com.ngser.ekiosk.PdfReaderActivity
ADDED from src/main/AndroidManifest.xml:45:9-54:20
	android:label
		ADDED from src/main/AndroidManifest.xml:47:13-45
	android:parentActivityName
		ADDED from src/main/AndroidManifest.xml:48:13-71
	android:windowSoftInputMode
		ADDED from src/main/AndroidManifest.xml:49:13-52
	android:name
		ADDED from src/main/AndroidManifest.xml:46:13-62
activity#com.ngser.ekiosk.PdfReaderCurlActivity
ADDED from src/main/AndroidManifest.xml:55:9-64:20
	android:label
		ADDED from src/main/AndroidManifest.xml:57:13-45
	android:parentActivityName
		ADDED from src/main/AndroidManifest.xml:58:13-71
	android:windowSoftInputMode
		ADDED from src/main/AndroidManifest.xml:59:13-52
	android:name
		ADDED from src/main/AndroidManifest.xml:56:13-66
activity#fi.harism.curl.CurlActivity
ADDED from src/main/AndroidManifest.xml:65:9-73:20
	android:label
		ADDED from src/main/AndroidManifest.xml:67:13-45
	android:parentActivityName
		ADDED from src/main/AndroidManifest.xml:68:13-71
	android:name
		ADDED from src/main/AndroidManifest.xml:66:13-55
activity#com.ngser.ekiosk.kiosque.KiosqueActivity
ADDED from src/main/AndroidManifest.xml:76:9-84:20
	android:label
		ADDED from src/main/AndroidManifest.xml:78:13-36
	android:parentActivityName
		ADDED from src/main/AndroidManifest.xml:79:13-71
	android:name
		ADDED from src/main/AndroidManifest.xml:77:13-68
activity#com.ngser.ekiosk.kiosque.KioskEditionDetailActivity
ADDED from src/main/AndroidManifest.xml:85:9-93:20
	android:label
		ADDED from src/main/AndroidManifest.xml:87:13-36
	android:parentActivityName
		ADDED from src/main/AndroidManifest.xml:88:13-82
	android:name
		ADDED from src/main/AndroidManifest.xml:86:13-79
activity#com.ngser.ekiosk.kiosque.ArchivesMoisActivity
ADDED from src/main/AndroidManifest.xml:94:9-102:20
	android:label
		ADDED from src/main/AndroidManifest.xml:96:13-37
	android:parentActivityName
		ADDED from src/main/AndroidManifest.xml:97:13-82
	android:name
		ADDED from src/main/AndroidManifest.xml:95:13-73
activity#com.ngser.ekiosk.kiosque.BuyWithCreditActivity
ADDED from src/main/AndroidManifest.xml:103:9-105:46
	android:label
		ADDED from src/main/AndroidManifest.xml:105:13-34
	android:name
		ADDED from src/main/AndroidManifest.xml:104:13-74
activity#com.ngser.ekiosk.kiosque.ActivationActivity
ADDED from src/main/AndroidManifest.xml:106:9-108:61
	android:label
		ADDED from src/main/AndroidManifest.xml:108:13-49
	android:name
		ADDED from src/main/AndroidManifest.xml:107:13-71
activity#com.ngser.ekiosk.menu.ConnecterActivity
ADDED from src/main/AndroidManifest.xml:109:9-111:50
	android:label
		ADDED from src/main/AndroidManifest.xml:111:13-38
	android:name
		ADDED from src/main/AndroidManifest.xml:110:13-67
activity#com.ngser.ekiosk.menu.CreerCompteActivity
ADDED from src/main/AndroidManifest.xml:112:9-114:59
	android:label
		ADDED from src/main/AndroidManifest.xml:114:13-47
	android:name
		ADDED from src/main/AndroidManifest.xml:113:13-69
activity#com.ngser.ekiosk.menu.CodeActivationActivity
ADDED from src/main/AndroidManifest.xml:115:9-117:58
	android:label
		ADDED from src/main/AndroidManifest.xml:117:13-35
	android:name
		ADDED from src/main/AndroidManifest.xml:116:13-72
activity#com.ngser.ekiosk.menu.SelectOptionActivity
ADDED from src/main/AndroidManifest.xml:119:9-121:57
	android:label
		ADDED from src/main/AndroidManifest.xml:121:13-45
	android:name
		ADDED from src/main/AndroidManifest.xml:120:13-70
activity#com.ngser.ekiosk.BaseActivity
ADDED from src/main/AndroidManifest.xml:123:9-125:57
	android:label
		ADDED from src/main/AndroidManifest.xml:125:13-45
	android:name
		ADDED from src/main/AndroidManifest.xml:124:13-41
activity#com.ngser.ekiosk.menu.ForgotPasswordActivity
ADDED from src/main/AndroidManifest.xml:127:9-65
	android:name
		ADDED from src/main/AndroidManifest.xml:127:19-62
activity#com.artifex.mupdflib.MuPDFActivity
ADDED from src/main/AndroidManifest.xml:128:9-131:62
	android:label
		ADDED from src/main/AndroidManifest.xml:130:13-45
	android:theme
		ADDED from src/main/AndroidManifest.xml:131:13-50
	android:name
		ADDED from src/main/AndroidManifest.xml:129:13-62
activity#com.artifex.mupdflib.PrintDialogActivity
ADDED from src/main/AndroidManifest.xml:132:9-135:62
	android:label
		ADDED from src/main/AndroidManifest.xml:134:13-42
	android:theme
		ADDED from src/main/AndroidManifest.xml:135:13-50
	android:name
		ADDED from src/main/AndroidManifest.xml:133:13-68
activity#com.artifex.mupdflib.PDFPreviewGridActivity
ADDED from src/main/AndroidManifest.xml:136:9-139:62
	android:label
		ADDED from src/main/AndroidManifest.xml:138:13-42
	android:theme
		ADDED from src/main/AndroidManifest.xml:139:13-50
	android:name
		ADDED from src/main/AndroidManifest.xml:137:13-71
activity#net.hockeyapp.android.UpdateActivity
ADDED from src/main/AndroidManifest.xml:141:9-73
	android:name
		ADDED from src/main/AndroidManifest.xml:141:19-70